<?xml version="1.0" encoding="UTF-8"?>
<testng-results ignored="0" total="1" passed="1" failed="0" skipped="0">
  <reporter-output>
  </reporter-output>
  <suite started-at="2025-08-22T15:41:15 IST" name="Surefire suite" finished-at="2025-08-22T15:41:38 IST" duration-ms="23106">
    <groups>
    </groups>
    <test started-at="2025-08-22T15:41:15 IST" name="Surefire test" finished-at="2025-08-22T15:41:38 IST" duration-ms="23106">
      <class name="tests.FirstTest">
        <test-method is-config="true" signature="setup()[pri:0, instance:tests.FirstTest@124c278f]" started-at="2025-08-22T15:41:15 IST" name="setup" finished-at="2025-08-22T15:41:32 IST" duration-ms="17592" status="PASS">
          <reporter-output>
          </reporter-output>
        </test-method> <!-- setup -->
        <test-method signature="verifyTitle()[pri:0, instance:tests.FirstTest@124c278f]" started-at="2025-08-22T15:41:32 IST" name="verifyTitle" finished-at="2025-08-22T15:41:37 IST" duration-ms="4959" status="PASS">
          <reporter-output>
          </reporter-output>
        </test-method> <!-- verifyTitle -->
        <test-method is-config="true" signature="teardown()[pri:0, instance:tests.FirstTest@124c278f]" started-at="2025-08-22T15:41:37 IST" name="teardown" finished-at="2025-08-22T15:41:38 IST" duration-ms="497" status="PASS">
          <reporter-output>
          </reporter-output>
        </test-method> <!-- teardown -->
      </class> <!-- tests.FirstTest -->
    </test> <!-- Surefire test -->
  </suite> <!-- Surefire suite -->
</testng-results>
