<?xml version="1.0" encoding="UTF-8"?>
<testng-results ignored="0" total="1" passed="1" failed="0" skipped="0">
  <reporter-output>
  </reporter-output>
  <suite started-at="2025-08-22T20:34:55 IST" name="Default suite" finished-at="2025-08-22T20:35:45 IST" duration-ms="50138">
    <groups>
    </groups>
    <test started-at="2025-08-22T20:34:55 IST" name="Default test" finished-at="2025-08-22T20:35:45 IST" duration-ms="50138">
      <class name="tests.LoginTest">
        <test-method is-config="true" signature="setup()[pri:0, instance:tests.LoginTest@77847718]" started-at="2025-08-22T20:34:55 IST" name="setup" finished-at="2025-08-22T20:35:06 IST" duration-ms="11423" status="PASS">
          <reporter-output>
          </reporter-output>
        </test-method> <!-- setup -->
        <test-method signature="test()[pri:0, instance:tests.LoginTest@77847718]" started-at="2025-08-22T20:35:06 IST" name="test" finished-at="2025-08-22T20:35:45 IST" duration-ms="38312" status="PASS">
          <reporter-output>
          </reporter-output>
        </test-method> <!-- test -->
        <test-method is-config="true" signature="teardown()[pri:0, instance:tests.LoginTest@77847718]" started-at="2025-08-22T20:35:45 IST" name="teardown" finished-at="2025-08-22T20:35:45 IST" duration-ms="349" status="PASS">
          <reporter-output>
          </reporter-output>
        </test-method> <!-- teardown -->
      </class> <!-- tests.LoginTest -->
    </test> <!-- Default test -->
  </suite> <!-- Default suite -->
</testng-results>
